  [1m[36m (248.5ms)[0m  [1mCREATE TABLE `schema_migrations` (`version` varchar(255) NOT NULL) ENGINE=InnoDB[0m
  [1m[35m (301.8ms)[0m  CREATE UNIQUE INDEX `unique_schema_migrations` ON `schema_migrations` (`version`)
  [1m[36m (0.3ms)[0m  [1mSELECT `schema_migrations`.`version` FROM `schema_migrations` [0m


Started GET "/twilio" for 127.0.0.1 at 2013-07-12 12:49:03 +0530

ActionController::RoutingError (No route matches [GET] "/twilio"):
  actionpack (3.2.1) lib/action_dispatch/middleware/debug_exceptions.rb:21:in `call'
  actionpack (3.2.1) lib/action_dispatch/middleware/show_exceptions.rb:56:in `call'
  railties (3.2.1) lib/rails/rack/logger.rb:26:in `call_app'
  railties (3.2.1) lib/rails/rack/logger.rb:16:in `call'
  actionpack (3.2.1) lib/action_dispatch/middleware/request_id.rb:22:in `call'
  rack (1.4.5) lib/rack/methodoverride.rb:21:in `call'
  rack (1.4.5) lib/rack/runtime.rb:17:in `call'
  activesupport (3.2.1) lib/active_support/cache/strategy/local_cache.rb:72:in `call'
  rack (1.4.5) lib/rack/lock.rb:15:in `call'
  actionpack (3.2.1) lib/action_dispatch/middleware/static.rb:53:in `call'
  railties (3.2.1) lib/rails/engine.rb:479:in `call'
  railties (3.2.1) lib/rails/application.rb:220:in `call'
  rack (1.4.5) lib/rack/content_length.rb:14:in `call'
  railties (3.2.1) lib/rails/rack/log_tailer.rb:14:in `call'
  rack (1.4.5) lib/rack/handler/webrick.rb:59:in `service'
  /home/sakthivel/.rvm/rubies/ruby-1.9.3-p286/lib/ruby/1.9.1/webrick/httpserver.rb:138:in `service'
  /home/sakthivel/.rvm/rubies/ruby-1.9.3-p286/lib/ruby/1.9.1/webrick/httpserver.rb:94:in `run'
  /home/sakthivel/.rvm/rubies/ruby-1.9.3-p286/lib/ruby/1.9.1/webrick/server.rb:191:in `block in start_thread'


  Rendered /home/sakthivel/.rvm/gems/ruby-1.9.3-p286@twilio/gems/actionpack-3.2.1/lib/action_dispatch/middleware/templates/rescues/routing_error.erb within rescues/layout (3.9ms)


Started GET "/twilio/process_sms" for 127.0.0.1 at 2013-07-12 12:49:13 +0530
Processing by TwilioController#process_sms as HTML
Completed 500 Internal Server Error in 1ms

NoMethodError (undefined method `capitalize' for nil:NilClass):
  app/controllers/twilio_controller.rb:4:in `process_sms'


  Rendered /home/sakthivel/.rvm/gems/ruby-1.9.3-p286@twilio/gems/actionpack-3.2.1/lib/action_dispatch/middleware/templates/rescues/_trace.erb (4.4ms)
  Rendered /home/sakthivel/.rvm/gems/ruby-1.9.3-p286@twilio/gems/actionpack-3.2.1/lib/action_dispatch/middleware/templates/rescues/_request_and_response.erb (1.4ms)
  Rendered /home/sakthivel/.rvm/gems/ruby-1.9.3-p286@twilio/gems/actionpack-3.2.1/lib/action_dispatch/middleware/templates/rescues/diagnostics.erb within rescues/layout (9.5ms)


Started GET "/twilio/process_sms" for 127.0.0.1 at 2013-07-12 12:56:40 +0530
Processing by TwilioController#process_sms as HTML
Completed 500 Internal Server Error in 0ms

NoMethodError (undefined method `capitalize' for nil:NilClass):
  app/controllers/twilio_controller.rb:4:in `process_sms'


  Rendered /home/sakthivel/.rvm/gems/ruby-1.9.3-p286@twilio/gems/actionpack-3.2.1/lib/action_dispatch/middleware/templates/rescues/_trace.erb (4.7ms)
  Rendered /home/sakthivel/.rvm/gems/ruby-1.9.3-p286@twilio/gems/actionpack-3.2.1/lib/action_dispatch/middleware/templates/rescues/_request_and_response.erb (1.5ms)
  Rendered /home/sakthivel/.rvm/gems/ruby-1.9.3-p286@twilio/gems/actionpack-3.2.1/lib/action_dispatch/middleware/templates/rescues/diagnostics.erb within rescues/layout (9.6ms)


Started GET "/twilio/process_sms" for 127.0.0.1 at 2013-07-12 12:56:55 +0530
Processing by TwilioController#process_sms as HTML
Completed 500 Internal Server Error in 1ms

NoMethodError (undefined method `capitalize' for nil:NilClass):
  app/controllers/twilio_controller.rb:4:in `process_sms'


  Rendered /home/sakthivel/.rvm/gems/ruby-1.9.3-p286@twilio/gems/actionpack-3.2.1/lib/action_dispatch/middleware/templates/rescues/_trace.erb (4.6ms)
  Rendered /home/sakthivel/.rvm/gems/ruby-1.9.3-p286@twilio/gems/actionpack-3.2.1/lib/action_dispatch/middleware/templates/rescues/_request_and_response.erb (1.5ms)
  Rendered /home/sakthivel/.rvm/gems/ruby-1.9.3-p286@twilio/gems/actionpack-3.2.1/lib/action_dispatch/middleware/templates/rescues/diagnostics.erb within rescues/layout (39.8ms)


Started GET "/twilio/process_sms" for 127.0.0.1 at 2013-07-12 13:24:40 +0530
Processing by TwilioController#process_sms as HTML
Completed 500 Internal Server Error in 1ms

NoMethodError (undefined method `capitalize' for nil:NilClass):
  app/controllers/twilio_controller.rb:4:in `process_sms'


  Rendered /home/sakthivel/.rvm/gems/ruby-1.9.3-p286@twilio/gems/actionpack-3.2.1/lib/action_dispatch/middleware/templates/rescues/_trace.erb (4.7ms)
  Rendered /home/sakthivel/.rvm/gems/ruby-1.9.3-p286@twilio/gems/actionpack-3.2.1/lib/action_dispatch/middleware/templates/rescues/_request_and_response.erb (1.6ms)
  Rendered /home/sakthivel/.rvm/gems/ruby-1.9.3-p286@twilio/gems/actionpack-3.2.1/lib/action_dispatch/middleware/templates/rescues/diagnostics.erb within rescues/layout (40.7ms)


Started GET "/twilio/process_sms" for 127.0.0.1 at 2013-07-12 13:25:52 +0530
Processing by TwilioController#process_sms as HTML
DEPRECATION WARNING: Passing a template handler in the template name is deprecated. You can simply remove the handler name or pass render :handlers => [:erb] instead. (called from realtime at /home/sakthivel/.rvm/rubies/ruby-1.9.3-p286/lib/ruby/1.9.1/benchmark.rb:295)
  Rendered twilio/process_sms.xml.erb (0.6ms)
Completed 200 OK in 5ms (Views: 4.3ms | ActiveRecord: 0.0ms)
